<?xml version="1.0" encoding="UTF-8"?>
<!-- Generated by org.testng.reporters.JUnitXMLReporter -->
<testsuite ignored="0" hostname="DESKTOP-8EHPO28" failures="0" tests="3" name="chromeTest" time="80.836" errors="0" timestamp="2024-02-01T05:13:54 EET">
  <testcase classname="RegisterPageTest" name="register" time="10.65"/>
  <testcase classname="RegisterPageTest" name="valid_login" time="2.39"/>
  <testcase classname="RegisterPageTest" name="Search" time="2.846"/>
</testsuite> <!-- chromeTest -->
