<?xml version="1.0" encoding="UTF-8"?>
<testng-results ignored="0" total="6" passed="6" failed="0" skipped="0">
  <reporter-output>
  </reporter-output>
  <suite started-at="2024-02-01T05:12:33 EET" name="MyTestSuite" finished-at="2024-02-01T05:14:06 EET" duration-ms="92975">
    <groups>
    </groups>
    <test started-at="2024-02-01T05:12:33 EET" name="chromeTest" finished-at="2024-02-01T05:13:54 EET" duration-ms="80836">
      <class name="RegisterPageTest">
        <test-method is-config="true" signature="beforeTestMethod()[pri:0, instance:RegisterPageTest@7c7d3c46]" started-at="2024-02-01T05:12:33 EET" name="beforeTestMethod" finished-at="2024-02-01T05:12:34 EET" duration-ms="1007" status="PASS">
          <reporter-output>
          </reporter-output>
        </test-method> <!-- beforeTestMethod -->
        <test-method is-config="true" signature="openDriver(java.lang.String)[pri:0, instance:RegisterPageTest@7c7d3c46]" started-at="2024-02-01T05:12:34 EET" name="openDriver" finished-at="2024-02-01T05:13:35 EET" duration-ms="60589" status="PASS">
          <params>
            <param index="0">
              <value>
                <![CDATA[chrome]]>
              </value>
            </param>
          </params>
          <reporter-output>
          </reporter-output>
        </test-method> <!-- openDriver -->
        <test-method is-config="true" signature="setupTest(org.testng.ITestResult)[pri:0, instance:RegisterPageTest@7c7d3c46]" started-at="2024-02-01T05:13:35 EET" name="setupTest" finished-at="2024-02-01T05:13:35 EET" duration-ms="211" status="PASS">
          <params>
            <param index="0">
              <value>
                <![CDATA[[TestResult name={null} status=CREATED method=RegisterPageTest.register()[pri:0, instance:RegisterPageTest@7c7d3c46] output={null}]]]>
              </value>
            </param>
          </params>
          <reporter-output>
          </reporter-output>
        </test-method> <!-- setupTest -->
        <test-method signature="register()[pri:0, instance:RegisterPageTest@7c7d3c46]" started-at="2024-02-01T05:13:36 EET" name="register" finished-at="2024-02-01T05:13:47 EET" duration-ms="10650" status="PASS">
          <reporter-output>
          </reporter-output>
        </test-method> <!-- register -->
        <test-method is-config="true" signature="afterMethoMethod(org.testng.ITestResult)[pri:0, instance:RegisterPageTest@7c7d3c46]" started-at="2024-02-01T05:13:47 EET" name="afterMethoMethod" finished-at="2024-02-01T05:13:47 EET" duration-ms="19" status="PASS">
          <params>
            <param index="0">
              <value>
                <![CDATA[[TestResult name=register status=SUCCESS method=RegisterPageTest.register()[pri:0, instance:RegisterPageTest@7c7d3c46] output={null}]]]>
              </value>
            </param>
          </params>
          <reporter-output>
          </reporter-output>
        </test-method> <!-- afterMethoMethod -->
        <test-method is-config="true" signature="screenshotOnFailure(org.testng.ITestResult)[pri:0, instance:RegisterPageTest@7c7d3c46]" started-at="2024-02-01T05:13:47 EET" name="screenshotOnFailure" finished-at="2024-02-01T05:13:47 EET" duration-ms="2" status="PASS">
          <params>
            <param index="0">
              <value>
                <![CDATA[[TestResult name=register status=SUCCESS method=RegisterPageTest.register()[pri:0, instance:RegisterPageTest@7c7d3c46] output={null}]]]>
              </value>
            </param>
          </params>
          <reporter-output>
          </reporter-output>
        </test-method> <!-- screenshotOnFailure -->
        <test-method is-config="true" signature="setupTest(org.testng.ITestResult)[pri:0, instance:RegisterPageTest@7c7d3c46]" started-at="2024-02-01T05:13:47 EET" name="setupTest" finished-at="2024-02-01T05:13:47 EET" duration-ms="2" status="PASS">
          <params>
            <param index="0">
              <value>
                <![CDATA[[TestResult name={null} status=CREATED method=RegisterPageTest.valid_login()[pri:1, instance:RegisterPageTest@7c7d3c46] output={null}]]]>
              </value>
            </param>
          </params>
          <reporter-output>
          </reporter-output>
        </test-method> <!-- setupTest -->
        <test-method signature="valid_login()[pri:1, instance:RegisterPageTest@7c7d3c46]" started-at="2024-02-01T05:13:47 EET" name="valid_login" finished-at="2024-02-01T05:13:49 EET" duration-ms="2390" status="PASS">
          <reporter-output>
          </reporter-output>
        </test-method> <!-- valid_login -->
        <test-method is-config="true" signature="afterMethoMethod(org.testng.ITestResult)[pri:0, instance:RegisterPageTest@7c7d3c46]" started-at="2024-02-01T05:13:49 EET" name="afterMethoMethod" finished-at="2024-02-01T05:13:49 EET" duration-ms="1" status="PASS">
          <params>
            <param index="0">
              <value>
                <![CDATA[[TestResult name=valid_login status=SUCCESS method=RegisterPageTest.valid_login()[pri:1, instance:RegisterPageTest@7c7d3c46] output={null}]]]>
              </value>
            </param>
          </params>
          <reporter-output>
          </reporter-output>
        </test-method> <!-- afterMethoMethod -->
        <test-method is-config="true" signature="screenshotOnFailure(org.testng.ITestResult)[pri:0, instance:RegisterPageTest@7c7d3c46]" started-at="2024-02-01T05:13:49 EET" name="screenshotOnFailure" finished-at="2024-02-01T05:13:49 EET" duration-ms="1" status="PASS">
          <params>
            <param index="0">
              <value>
                <![CDATA[[TestResult name=valid_login status=SUCCESS method=RegisterPageTest.valid_login()[pri:1, instance:RegisterPageTest@7c7d3c46] output={null}]]]>
              </value>
            </param>
          </params>
          <reporter-output>
          </reporter-output>
        </test-method> <!-- screenshotOnFailure -->
        <test-method is-config="true" signature="setupTest(org.testng.ITestResult)[pri:0, instance:RegisterPageTest@7c7d3c46]" started-at="2024-02-01T05:13:49 EET" name="setupTest" finished-at="2024-02-01T05:13:49 EET" duration-ms="5" status="PASS">
          <params>
            <param index="0">
              <value>
                <![CDATA[[TestResult name={null} status=CREATED method=RegisterPageTest.Search()[pri:2, instance:RegisterPageTest@7c7d3c46] output={null}]]]>
              </value>
            </param>
          </params>
          <reporter-output>
          </reporter-output>
        </test-method> <!-- setupTest -->
        <test-method signature="Search()[pri:2, instance:RegisterPageTest@7c7d3c46]" started-at="2024-02-01T05:13:49 EET" name="Search" finished-at="2024-02-01T05:13:52 EET" duration-ms="2846" status="PASS">
          <reporter-output>
          </reporter-output>
        </test-method> <!-- Search -->
        <test-method is-config="true" signature="afterMethoMethod(org.testng.ITestResult)[pri:0, instance:RegisterPageTest@7c7d3c46]" started-at="2024-02-01T05:13:52 EET" name="afterMethoMethod" finished-at="2024-02-01T05:13:52 EET" duration-ms="1" status="PASS">
          <params>
            <param index="0">
              <value>
                <![CDATA[[TestResult name=Search status=SUCCESS method=RegisterPageTest.Search()[pri:2, instance:RegisterPageTest@7c7d3c46] output={null}]]]>
              </value>
            </param>
          </params>
          <reporter-output>
          </reporter-output>
        </test-method> <!-- afterMethoMethod -->
        <test-method is-config="true" signature="screenshotOnFailure(org.testng.ITestResult)[pri:0, instance:RegisterPageTest@7c7d3c46]" started-at="2024-02-01T05:13:52 EET" name="screenshotOnFailure" finished-at="2024-02-01T05:13:52 EET" duration-ms="1" status="PASS">
          <params>
            <param index="0">
              <value>
                <![CDATA[[TestResult name=Search status=SUCCESS method=RegisterPageTest.Search()[pri:2, instance:RegisterPageTest@7c7d3c46] output={null}]]]>
              </value>
            </param>
          </params>
          <reporter-output>
          </reporter-output>
        </test-method> <!-- screenshotOnFailure -->
        <test-method is-config="true" signature="quitDriver()[pri:0, instance:RegisterPageTest@7c7d3c46]" started-at="2024-02-01T05:13:52 EET" name="quitDriver" finished-at="2024-02-01T05:13:52 EET" duration-ms="357" status="PASS">
          <reporter-output>
          </reporter-output>
        </test-method> <!-- quitDriver -->
        <test-method is-config="true" signature="afterTest()[pri:0, instance:RegisterPageTest@7c7d3c46]" started-at="2024-02-01T05:13:52 EET" name="afterTest" finished-at="2024-02-01T05:13:54 EET" duration-ms="1735" status="PASS">
          <reporter-output>
          </reporter-output>
        </test-method> <!-- afterTest -->
      </class> <!-- RegisterPageTest -->
    </test> <!-- chromeTest -->
    <test started-at="2024-02-01T05:12:33 EET" name="edge" finished-at="2024-02-01T05:14:06 EET" duration-ms="92975">
      <class name="RegisterPageTest">
        <test-method is-config="true" signature="beforeTestMethod()[pri:0, instance:RegisterPageTest@7e985ce9]" started-at="2024-02-01T05:12:33 EET" name="beforeTestMethod" finished-at="2024-02-01T05:12:34 EET" duration-ms="977" status="PASS">
          <reporter-output>
          </reporter-output>
        </test-method> <!-- beforeTestMethod -->
        <test-method is-config="true" signature="openDriver(java.lang.String)[pri:0, instance:RegisterPageTest@7e985ce9]" started-at="2024-02-01T05:12:34 EET" name="openDriver" finished-at="2024-02-01T05:13:56 EET" duration-ms="81520" status="PASS">
          <params>
            <param index="0">
              <value>
                <![CDATA[edge]]>
              </value>
            </param>
          </params>
          <reporter-output>
          </reporter-output>
        </test-method> <!-- openDriver -->
        <test-method is-config="true" signature="setupTest(org.testng.ITestResult)[pri:0, instance:RegisterPageTest@7e985ce9]" started-at="2024-02-01T05:13:56 EET" name="setupTest" finished-at="2024-02-01T05:13:56 EET" duration-ms="2" status="PASS">
          <params>
            <param index="0">
              <value>
                <![CDATA[[TestResult name={null} status=CREATED method=RegisterPageTest.register()[pri:0, instance:RegisterPageTest@7e985ce9] output={null}]]]>
              </value>
            </param>
          </params>
          <reporter-output>
          </reporter-output>
        </test-method> <!-- setupTest -->
        <test-method signature="register()[pri:0, instance:RegisterPageTest@7e985ce9]" started-at="2024-02-01T05:13:56 EET" name="register" finished-at="2024-02-01T05:14:02 EET" duration-ms="6168" status="PASS">
          <reporter-output>
          </reporter-output>
        </test-method> <!-- register -->
        <test-method is-config="true" signature="setupTest(org.testng.ITestResult)[pri:0, instance:RegisterPageTest@7e985ce9]" started-at="2024-02-01T05:14:02 EET" name="setupTest" finished-at="2024-02-01T05:14:02 EET" duration-ms="0" status="PASS">
          <params>
            <param index="0">
              <value>
                <![CDATA[[TestResult name={null} status=CREATED method=RegisterPageTest.valid_login()[pri:1, instance:RegisterPageTest@7e985ce9] output={null}]]]>
              </value>
            </param>
          </params>
          <reporter-output>
          </reporter-output>
        </test-method> <!-- setupTest -->
        <test-method is-config="true" signature="screenshotOnFailure(org.testng.ITestResult)[pri:0, instance:RegisterPageTest@7e985ce9]" started-at="2024-02-01T05:14:02 EET" name="screenshotOnFailure" finished-at="2024-02-01T05:14:02 EET" duration-ms="0" status="PASS">
          <params>
            <param index="0">
              <value>
                <![CDATA[[TestResult name=register status=SUCCESS method=RegisterPageTest.register()[pri:0, instance:RegisterPageTest@7e985ce9] output={null}]]]>
              </value>
            </param>
          </params>
          <reporter-output>
          </reporter-output>
        </test-method> <!-- screenshotOnFailure -->
        <test-method is-config="true" signature="afterMethoMethod(org.testng.ITestResult)[pri:0, instance:RegisterPageTest@7e985ce9]" started-at="2024-02-01T05:14:02 EET" name="afterMethoMethod" finished-at="2024-02-01T05:14:02 EET" duration-ms="0" status="PASS">
          <params>
            <param index="0">
              <value>
                <![CDATA[[TestResult name=register status=SUCCESS method=RegisterPageTest.register()[pri:0, instance:RegisterPageTest@7e985ce9] output={null}]]]>
              </value>
            </param>
          </params>
          <reporter-output>
          </reporter-output>
        </test-method> <!-- afterMethoMethod -->
        <test-method signature="valid_login()[pri:1, instance:RegisterPageTest@7e985ce9]" started-at="2024-02-01T05:14:02 EET" name="valid_login" finished-at="2024-02-01T05:14:04 EET" duration-ms="1663" status="PASS">
          <reporter-output>
          </reporter-output>
        </test-method> <!-- valid_login -->
        <test-method is-config="true" signature="afterMethoMethod(org.testng.ITestResult)[pri:0, instance:RegisterPageTest@7e985ce9]" started-at="2024-02-01T05:14:04 EET" name="afterMethoMethod" finished-at="2024-02-01T05:14:04 EET" duration-ms="0" status="PASS">
          <params>
            <param index="0">
              <value>
                <![CDATA[[TestResult name=valid_login status=SUCCESS method=RegisterPageTest.valid_login()[pri:1, instance:RegisterPageTest@7e985ce9] output={null}]]]>
              </value>
            </param>
          </params>
          <reporter-output>
          </reporter-output>
        </test-method> <!-- afterMethoMethod -->
        <test-method signature="Search()[pri:2, instance:RegisterPageTest@7e985ce9]" started-at="2024-02-01T05:14:04 EET" name="Search" finished-at="2024-02-01T05:14:06 EET" duration-ms="1873" status="PASS">
          <reporter-output>
          </reporter-output>
        </test-method> <!-- Search -->
        <test-method is-config="true" signature="screenshotOnFailure(org.testng.ITestResult)[pri:0, instance:RegisterPageTest@7e985ce9]" started-at="2024-02-01T05:14:04 EET" name="screenshotOnFailure" finished-at="2024-02-01T05:14:04 EET" duration-ms="0" status="PASS">
          <params>
            <param index="0">
              <value>
                <![CDATA[[TestResult name=valid_login status=SUCCESS method=RegisterPageTest.valid_login()[pri:1, instance:RegisterPageTest@7e985ce9] output={null}]]]>
              </value>
            </param>
          </params>
          <reporter-output>
          </reporter-output>
        </test-method> <!-- screenshotOnFailure -->
        <test-method is-config="true" signature="setupTest(org.testng.ITestResult)[pri:0, instance:RegisterPageTest@7e985ce9]" started-at="2024-02-01T05:14:04 EET" name="setupTest" finished-at="2024-02-01T05:14:04 EET" duration-ms="0" status="PASS">
          <params>
            <param index="0">
              <value>
                <![CDATA[[TestResult name={null} status=CREATED method=RegisterPageTest.Search()[pri:2, instance:RegisterPageTest@7e985ce9] output={null}]]]>
              </value>
            </param>
          </params>
          <reporter-output>
          </reporter-output>
        </test-method> <!-- setupTest -->
        <test-method is-config="true" signature="afterMethoMethod(org.testng.ITestResult)[pri:0, instance:RegisterPageTest@7e985ce9]" started-at="2024-02-01T05:14:06 EET" name="afterMethoMethod" finished-at="2024-02-01T05:14:06 EET" duration-ms="1" status="PASS">
          <params>
            <param index="0">
              <value>
                <![CDATA[[TestResult name=Search status=SUCCESS method=RegisterPageTest.Search()[pri:2, instance:RegisterPageTest@7e985ce9] output={null}]]]>
              </value>
            </param>
          </params>
          <reporter-output>
          </reporter-output>
        </test-method> <!-- afterMethoMethod -->
        <test-method is-config="true" signature="screenshotOnFailure(org.testng.ITestResult)[pri:0, instance:RegisterPageTest@7e985ce9]" started-at="2024-02-01T05:14:06 EET" name="screenshotOnFailure" finished-at="2024-02-01T05:14:06 EET" duration-ms="1" status="PASS">
          <params>
            <param index="0">
              <value>
                <![CDATA[[TestResult name=Search status=SUCCESS method=RegisterPageTest.Search()[pri:2, instance:RegisterPageTest@7e985ce9] output={null}]]]>
              </value>
            </param>
          </params>
          <reporter-output>
          </reporter-output>
        </test-method> <!-- screenshotOnFailure -->
        <test-method is-config="true" signature="quitDriver()[pri:0, instance:RegisterPageTest@7e985ce9]" started-at="2024-02-01T05:14:06 EET" name="quitDriver" finished-at="2024-02-01T05:14:06 EET" duration-ms="449" status="PASS">
          <reporter-output>
          </reporter-output>
        </test-method> <!-- quitDriver -->
        <test-method is-config="true" signature="afterTest()[pri:0, instance:RegisterPageTest@7e985ce9]" started-at="2024-02-01T05:14:06 EET" name="afterTest" finished-at="2024-02-01T05:14:06 EET" duration-ms="39" status="PASS">
          <reporter-output>
          </reporter-output>
        </test-method> <!-- afterTest -->
      </class> <!-- RegisterPageTest -->
    </test> <!-- edge -->
  </suite> <!-- MyTestSuite -->
</testng-results>
