<?xml version="1.0" encoding="UTF-8"?>
<testng-results ignored="0" total="3" passed="3" failed="0" skipped="0">
  <reporter-output>
  </reporter-output>
  <suite started-at="2024-01-31T01:46:40 EET" name="MyTestSuite" finished-at="2024-01-31T01:47:02 EET" duration-ms="21597">
    <groups>
    </groups>
    <test started-at="2024-01-31T01:46:40 EET" name="MyTest" finished-at="2024-01-31T01:47:02 EET" duration-ms="21597">
      <class name="RegisterPageTest">
        <test-method is-config="true" signature="beforeTestMethod()[pri:0, instance:RegisterPageTest@1992eaf4]" started-at="2024-01-31T01:46:40 EET" name="beforeTestMethod" finished-at="2024-01-31T01:46:41 EET" duration-ms="421" status="PASS">
          <reporter-output>
          </reporter-output>
        </test-method> <!-- beforeTestMethod -->
        <test-method is-config="true" signature="openDriver()[pri:0, instance:RegisterPageTest@1992eaf4]" started-at="2024-01-31T01:46:41 EET" name="openDriver" finished-at="2024-01-31T01:46:54 EET" duration-ms="13085" status="PASS">
          <reporter-output>
          </reporter-output>
        </test-method> <!-- openDriver -->
        <test-method is-config="true" signature="setupTest(org.testng.ITestResult)[pri:0, instance:RegisterPageTest@1992eaf4]" started-at="2024-01-31T01:46:54 EET" name="setupTest" finished-at="2024-01-31T01:46:54 EET" duration-ms="114" status="PASS">
          <params>
            <param index="0">
              <value>
                <![CDATA[[TestResult name={null} status=CREATED method=RegisterPageTest.register()[pri:0, instance:RegisterPageTest@1992eaf4] output={null}]]]>
              </value>
            </param>
          </params>
          <reporter-output>
          </reporter-output>
        </test-method> <!-- setupTest -->
        <test-method signature="register()[pri:0, instance:RegisterPageTest@1992eaf4]" started-at="2024-01-31T01:46:54 EET" name="register" finished-at="2024-01-31T01:46:58 EET" duration-ms="3488" status="PASS">
          <reporter-output>
          </reporter-output>
        </test-method> <!-- register -->
        <test-method is-config="true" signature="afterMethoMethod(org.testng.ITestResult)[pri:0, instance:RegisterPageTest@1992eaf4]" started-at="2024-01-31T01:46:58 EET" name="afterMethoMethod" finished-at="2024-01-31T01:46:58 EET" duration-ms="5" status="PASS">
          <params>
            <param index="0">
              <value>
                <![CDATA[[TestResult name=register status=SUCCESS method=RegisterPageTest.register()[pri:0, instance:RegisterPageTest@1992eaf4] output={null}]]]>
              </value>
            </param>
          </params>
          <reporter-output>
          </reporter-output>
        </test-method> <!-- afterMethoMethod -->
        <test-method signature="valid_login()[pri:1, instance:RegisterPageTest@1992eaf4]" started-at="2024-01-31T01:46:58 EET" name="valid_login" finished-at="2024-01-31T01:46:59 EET" duration-ms="1210" status="PASS">
          <reporter-output>
          </reporter-output>
        </test-method> <!-- valid_login -->
        <test-method is-config="true" signature="screenshotOnFailure(org.testng.ITestResult)[pri:0, instance:RegisterPageTest@1992eaf4]" started-at="2024-01-31T01:46:58 EET" name="screenshotOnFailure" finished-at="2024-01-31T01:46:58 EET" duration-ms="0" status="PASS">
          <params>
            <param index="0">
              <value>
                <![CDATA[[TestResult name=register status=SUCCESS method=RegisterPageTest.register()[pri:0, instance:RegisterPageTest@1992eaf4] output={null}]]]>
              </value>
            </param>
          </params>
          <reporter-output>
          </reporter-output>
        </test-method> <!-- screenshotOnFailure -->
        <test-method is-config="true" signature="setupTest(org.testng.ITestResult)[pri:0, instance:RegisterPageTest@1992eaf4]" started-at="2024-01-31T01:46:58 EET" name="setupTest" finished-at="2024-01-31T01:46:58 EET" duration-ms="0" status="PASS">
          <params>
            <param index="0">
              <value>
                <![CDATA[[TestResult name={null} status=CREATED method=RegisterPageTest.valid_login()[pri:1, instance:RegisterPageTest@1992eaf4] output={null}]]]>
              </value>
            </param>
          </params>
          <reporter-output>
          </reporter-output>
        </test-method> <!-- setupTest -->
        <test-method is-config="true" signature="afterMethoMethod(org.testng.ITestResult)[pri:0, instance:RegisterPageTest@1992eaf4]" started-at="2024-01-31T01:46:59 EET" name="afterMethoMethod" finished-at="2024-01-31T01:46:59 EET" duration-ms="1" status="PASS">
          <params>
            <param index="0">
              <value>
                <![CDATA[[TestResult name=valid_login status=SUCCESS method=RegisterPageTest.valid_login()[pri:1, instance:RegisterPageTest@1992eaf4] output={null}]]]>
              </value>
            </param>
          </params>
          <reporter-output>
          </reporter-output>
        </test-method> <!-- afterMethoMethod -->
        <test-method is-config="true" signature="screenshotOnFailure(org.testng.ITestResult)[pri:0, instance:RegisterPageTest@1992eaf4]" started-at="2024-01-31T01:46:59 EET" name="screenshotOnFailure" finished-at="2024-01-31T01:46:59 EET" duration-ms="1" status="PASS">
          <params>
            <param index="0">
              <value>
                <![CDATA[[TestResult name=valid_login status=SUCCESS method=RegisterPageTest.valid_login()[pri:1, instance:RegisterPageTest@1992eaf4] output={null}]]]>
              </value>
            </param>
          </params>
          <reporter-output>
          </reporter-output>
        </test-method> <!-- screenshotOnFailure -->
        <test-method is-config="true" signature="setupTest(org.testng.ITestResult)[pri:0, instance:RegisterPageTest@1992eaf4]" started-at="2024-01-31T01:46:59 EET" name="setupTest" finished-at="2024-01-31T01:46:59 EET" duration-ms="1" status="PASS">
          <params>
            <param index="0">
              <value>
                <![CDATA[[TestResult name={null} status=CREATED method=RegisterPageTest.Search()[pri:2, instance:RegisterPageTest@1992eaf4] output={null}]]]>
              </value>
            </param>
          </params>
          <reporter-output>
          </reporter-output>
        </test-method> <!-- setupTest -->
        <test-method signature="Search()[pri:2, instance:RegisterPageTest@1992eaf4]" started-at="2024-01-31T01:46:59 EET" name="Search" finished-at="2024-01-31T01:47:01 EET" duration-ms="1419" status="PASS">
          <reporter-output>
          </reporter-output>
        </test-method> <!-- Search -->
        <test-method is-config="true" signature="afterMethoMethod(org.testng.ITestResult)[pri:0, instance:RegisterPageTest@1992eaf4]" started-at="2024-01-31T01:47:01 EET" name="afterMethoMethod" finished-at="2024-01-31T01:47:01 EET" duration-ms="1" status="PASS">
          <params>
            <param index="0">
              <value>
                <![CDATA[[TestResult name=Search status=SUCCESS method=RegisterPageTest.Search()[pri:2, instance:RegisterPageTest@1992eaf4] output={null}]]]>
              </value>
            </param>
          </params>
          <reporter-output>
          </reporter-output>
        </test-method> <!-- afterMethoMethod -->
        <test-method is-config="true" signature="screenshotOnFailure(org.testng.ITestResult)[pri:0, instance:RegisterPageTest@1992eaf4]" started-at="2024-01-31T01:47:01 EET" name="screenshotOnFailure" finished-at="2024-01-31T01:47:01 EET" duration-ms="0" status="PASS">
          <params>
            <param index="0">
              <value>
                <![CDATA[[TestResult name=Search status=SUCCESS method=RegisterPageTest.Search()[pri:2, instance:RegisterPageTest@1992eaf4] output={null}]]]>
              </value>
            </param>
          </params>
          <reporter-output>
          </reporter-output>
        </test-method> <!-- screenshotOnFailure -->
        <test-method is-config="true" signature="quitDriver()[pri:0, instance:RegisterPageTest@1992eaf4]" started-at="2024-01-31T01:47:01 EET" name="quitDriver" finished-at="2024-01-31T01:47:01 EET" duration-ms="516" status="PASS">
          <reporter-output>
          </reporter-output>
        </test-method> <!-- quitDriver -->
        <test-method is-config="true" signature="afterTest()[pri:0, instance:RegisterPageTest@1992eaf4]" started-at="2024-01-31T01:47:01 EET" name="afterTest" finished-at="2024-01-31T01:47:02 EET" duration-ms="682" status="PASS">
          <reporter-output>
          </reporter-output>
        </test-method> <!-- afterTest -->
      </class> <!-- RegisterPageTest -->
    </test> <!-- MyTest -->
  </suite> <!-- MyTestSuite -->
</testng-results>
